{
  "stats": {
    "suites": 12,
    "tests": 12,
    "passes": 12,
    "pending": 0,
    "failures": 0,
    "start": "2020-02-07T07:12:50.630Z",
    "end": "2020-02-07T07:12:50.630Z",
    "duration": 112986,
    "testsRegistered": 12,
    "passPercent": 100,
    "pendingPercent": 0,
    "other": 0,
    "hasOther": false,
    "skipped": 0,
    "hasSkipped": false
  },
  "results": [
    {
      "uuid": "99ab88d6-751b-41fc-a577-f0a98e51aad3",
      "title": "",
      "fullFile": "cypress\\integration\\rediff10.spec.js",
      "file": "cypress\\integration\\rediff10.spec.js",
      "beforeHooks": [],
      "afterHooks": [],
      "tests": [],
      "suites": [
        {
          "uuid": "96949ac9-ceb2-499c-a544-3129bc1ae1ab",
          "title": "first test",
          "fullFile": "",
          "file": "",
          "beforeHooks": [],
          "afterHooks": [],
          "tests": [
            {
              "title": "should launch rediff",
              "fullTitle": "first test should launch rediff",
              "timedOut": null,
              "duration": 22396,
              "state": "passed",
              "speed": "slow",
              "pass": true,
              "fail": false,
              "pending": false,
              "context": null,
              "code": "cy.visit('https://www.rediff.com');",
              "err": {},
              "uuid": "5d2afb4c-8ed6-4cfe-a98c-ad56fc3609c2",
              "parentUUID": "96949ac9-ceb2-499c-a544-3129bc1ae1ab",
              "isHook": false,
              "skipped": false
            }
          ],
          "suites": [],
          "passes": [
            "5d2afb4c-8ed6-4cfe-a98c-ad56fc3609c2"
          ],
          "failures": [],
          "pending": [],
          "skipped": [],
          "duration": 22396,
          "root": false,
          "rootEmpty": false,
          "_timeout": 2000
        }
      ],
      "passes": [],
      "failures": [],
      "pending": [],
      "skipped": [],
      "duration": 0,
      "root": true,
      "rootEmpty": true,
      "_timeout": 2000
    },
    {
      "uuid": "42474f18-f43d-4d00-af44-7ec67821fc70",
      "title": "",
      "fullFile": "cypress\\integration\\rediff11.spec.js",
      "file": "cypress\\integration\\rediff11.spec.js",
      "beforeHooks": [],
      "afterHooks": [],
      "tests": [],
      "suites": [
        {
          "uuid": "c323e894-838f-4c88-8efc-965202fbf883",
          "title": "first test",
          "fullFile": "",
          "file": "",
          "beforeHooks": [],
          "afterHooks": [],
          "tests": [
            {
              "title": "should launch rediff",
              "fullTitle": "first test should launch rediff",
              "timedOut": null,
              "duration": 5975,
              "state": "passed",
              "speed": "slow",
              "pass": true,
              "fail": false,
              "pending": false,
              "context": null,
              "code": "cy.visit('https://www.rediff.com');",
              "err": {},
              "uuid": "166c0f8c-3b15-44da-a169-0016efffbd89",
              "parentUUID": "c323e894-838f-4c88-8efc-965202fbf883",
              "isHook": false,
              "skipped": false
            }
          ],
          "suites": [],
          "passes": [
            "166c0f8c-3b15-44da-a169-0016efffbd89"
          ],
          "failures": [],
          "pending": [],
          "skipped": [],
          "duration": 5975,
          "root": false,
          "rootEmpty": false,
          "_timeout": 2000
        }
      ],
      "passes": [],
      "failures": [],
      "pending": [],
      "skipped": [],
      "duration": 0,
      "root": true,
      "rootEmpty": true,
      "_timeout": 2000
    },
    {
      "uuid": "b79e79cd-5edd-47b7-be9d-aed033044e55",
      "title": "",
      "fullFile": "cypress\\integration\\rediff12.spec.js",
      "file": "cypress\\integration\\rediff12.spec.js",
      "beforeHooks": [],
      "afterHooks": [],
      "tests": [],
      "suites": [
        {
          "uuid": "e6d96539-0362-47c6-93cc-a199f5b24f9e",
          "title": "first test",
          "fullFile": "",
          "file": "",
          "beforeHooks": [],
          "afterHooks": [],
          "tests": [
            {
              "title": "should launch feelaplace",
              "fullTitle": "first test should launch feelaplace",
              "timedOut": null,
              "duration": 16502,
              "state": "passed",
              "speed": "slow",
              "pass": true,
              "fail": false,
              "pending": false,
              "context": null,
              "code": "cy.visit('https://www.rediff.com');",
              "err": {},
              "uuid": "170de182-da91-4f16-885d-992660e72e94",
              "parentUUID": "e6d96539-0362-47c6-93cc-a199f5b24f9e",
              "isHook": false,
              "skipped": false
            }
          ],
          "suites": [],
          "passes": [
            "170de182-da91-4f16-885d-992660e72e94"
          ],
          "failures": [],
          "pending": [],
          "skipped": [],
          "duration": 16502,
          "root": false,
          "rootEmpty": false,
          "_timeout": 2000
        }
      ],
      "passes": [],
      "failures": [],
      "pending": [],
      "skipped": [],
      "duration": 0,
      "root": true,
      "rootEmpty": true,
      "_timeout": 2000
    },
    {
      "uuid": "8d0ac723-97bc-4167-abf9-af78d80ed617",
      "title": "",
      "fullFile": "cypress\\integration\\rediff2.spec.js",
      "file": "cypress\\integration\\rediff2.spec.js",
      "beforeHooks": [],
      "afterHooks": [],
      "tests": [],
      "suites": [
        {
          "uuid": "66804cf7-46ff-4e42-b62f-54b270add573",
          "title": "first test",
          "fullFile": "",
          "file": "",
          "beforeHooks": [],
          "afterHooks": [],
          "tests": [
            {
              "title": "should launch feelaplace",
              "fullTitle": "first test should launch feelaplace",
              "timedOut": null,
              "duration": 5397,
              "state": "passed",
              "speed": "slow",
              "pass": true,
              "fail": false,
              "pending": false,
              "context": null,
              "code": "cy.visit('https://www.rediff.com');",
              "err": {},
              "uuid": "c7f8eaac-08c5-42cc-ad5d-8d16df0149e4",
              "parentUUID": "66804cf7-46ff-4e42-b62f-54b270add573",
              "isHook": false,
              "skipped": false
            }
          ],
          "suites": [],
          "passes": [
            "c7f8eaac-08c5-42cc-ad5d-8d16df0149e4"
          ],
          "failures": [],
          "pending": [],
          "skipped": [],
          "duration": 5397,
          "root": false,
          "rootEmpty": false,
          "_timeout": 2000
        }
      ],
      "passes": [],
      "failures": [],
      "pending": [],
      "skipped": [],
      "duration": 0,
      "root": true,
      "rootEmpty": true,
      "_timeout": 2000
    },
    {
      "uuid": "6fcee0d0-a8b3-4a5f-a400-3aefb65c67c4",
      "title": "",
      "fullFile": "cypress\\integration\\rediff3.spec.js",
      "file": "cypress\\integration\\rediff3.spec.js",
      "beforeHooks": [],
      "afterHooks": [],
      "tests": [],
      "suites": [
        {
          "uuid": "94300ff0-697d-4a2c-915f-4e771ddd99e1",
          "title": "first test",
          "fullFile": "",
          "file": "",
          "beforeHooks": [],
          "afterHooks": [],
          "tests": [
            {
              "title": "should launch rediff",
              "fullTitle": "first test should launch rediff",
              "timedOut": null,
              "duration": 8104,
              "state": "passed",
              "speed": "slow",
              "pass": true,
              "fail": false,
              "pending": false,
              "context": null,
              "code": "cy.visit('https://www.rediff.com');",
              "err": {},
              "uuid": "beb3c24e-941b-4703-b8bc-54e6a21c05fe",
              "parentUUID": "94300ff0-697d-4a2c-915f-4e771ddd99e1",
              "isHook": false,
              "skipped": false
            }
          ],
          "suites": [],
          "passes": [
            "beb3c24e-941b-4703-b8bc-54e6a21c05fe"
          ],
          "failures": [],
          "pending": [],
          "skipped": [],
          "duration": 8104,
          "root": false,
          "rootEmpty": false,
          "_timeout": 2000
        }
      ],
      "passes": [],
      "failures": [],
      "pending": [],
      "skipped": [],
      "duration": 0,
      "root": true,
      "rootEmpty": true,
      "_timeout": 2000
    },
    {
      "uuid": "ec48e026-fda0-422f-a0ba-cad0ee3a8f3a",
      "title": "",
      "fullFile": "cypress\\integration\\rediff4.spec.js",
      "file": "cypress\\integration\\rediff4.spec.js",
      "beforeHooks": [],
      "afterHooks": [],
      "tests": [],
      "suites": [
        {
          "uuid": "8f932b47-768a-43c5-bae0-0f46949a6756",
          "title": "first test",
          "fullFile": "",
          "file": "",
          "beforeHooks": [],
          "afterHooks": [],
          "tests": [
            {
              "title": "should launch feelaplace",
              "fullTitle": "first test should launch feelaplace",
              "timedOut": null,
              "duration": 4752,
              "state": "passed",
              "speed": "slow",
              "pass": true,
              "fail": false,
              "pending": false,
              "context": null,
              "code": "cy.visit('https://www.rediff.com');",
              "err": {},
              "uuid": "d27f285b-f766-429a-b7e5-08978014bf5e",
              "parentUUID": "8f932b47-768a-43c5-bae0-0f46949a6756",
              "isHook": false,
              "skipped": false
            }
          ],
          "suites": [],
          "passes": [
            "d27f285b-f766-429a-b7e5-08978014bf5e"
          ],
          "failures": [],
          "pending": [],
          "skipped": [],
          "duration": 4752,
          "root": false,
          "rootEmpty": false,
          "_timeout": 2000
        }
      ],
      "passes": [],
      "failures": [],
      "pending": [],
      "skipped": [],
      "duration": 0,
      "root": true,
      "rootEmpty": true,
      "_timeout": 2000
    },
    {
      "uuid": "b3dd17f8-13d1-45ee-8c1a-945da6b44956",
      "title": "",
      "fullFile": "cypress\\integration\\rediff5.spec.js",
      "file": "cypress\\integration\\rediff5.spec.js",
      "beforeHooks": [],
      "afterHooks": [],
      "tests": [],
      "suites": [
        {
          "uuid": "08b79b56-fc31-4a9b-a93a-1f81c3b6b3c4",
          "title": "first test",
          "fullFile": "",
          "file": "",
          "beforeHooks": [],
          "afterHooks": [],
          "tests": [
            {
              "title": "should launch rediff",
              "fullTitle": "first test should launch rediff",
              "timedOut": null,
              "duration": 12155,
              "state": "passed",
              "speed": "slow",
              "pass": true,
              "fail": false,
              "pending": false,
              "context": null,
              "code": "cy.visit('https://www.rediff.com');",
              "err": {},
              "uuid": "4d0d6f88-94b5-4f95-9e1d-ce410b96a4f2",
              "parentUUID": "08b79b56-fc31-4a9b-a93a-1f81c3b6b3c4",
              "isHook": false,
              "skipped": false
            }
          ],
          "suites": [],
          "passes": [
            "4d0d6f88-94b5-4f95-9e1d-ce410b96a4f2"
          ],
          "failures": [],
          "pending": [],
          "skipped": [],
          "duration": 12155,
          "root": false,
          "rootEmpty": false,
          "_timeout": 2000
        }
      ],
      "passes": [],
      "failures": [],
      "pending": [],
      "skipped": [],
      "duration": 0,
      "root": true,
      "rootEmpty": true,
      "_timeout": 2000
    },
    {
      "uuid": "c977ae38-bac9-4ea6-93d9-10e412185642",
      "title": "",
      "fullFile": "cypress\\integration\\rediff6.spec.js",
      "file": "cypress\\integration\\rediff6.spec.js",
      "beforeHooks": [],
      "afterHooks": [],
      "tests": [],
      "suites": [
        {
          "uuid": "d9486e00-9357-463f-8980-0fa7d19d464c",
          "title": "first test",
          "fullFile": "",
          "file": "",
          "beforeHooks": [],
          "afterHooks": [],
          "tests": [
            {
              "title": "should launch rediff",
              "fullTitle": "first test should launch rediff",
              "timedOut": null,
              "duration": 10058,
              "state": "passed",
              "speed": "slow",
              "pass": true,
              "fail": false,
              "pending": false,
              "context": null,
              "code": "cy.visit('https://www.rediff.com');",
              "err": {},
              "uuid": "d198b8f2-1149-4113-b2da-9281b44abeec",
              "parentUUID": "d9486e00-9357-463f-8980-0fa7d19d464c",
              "isHook": false,
              "skipped": false
            }
          ],
          "suites": [],
          "passes": [
            "d198b8f2-1149-4113-b2da-9281b44abeec"
          ],
          "failures": [],
          "pending": [],
          "skipped": [],
          "duration": 10058,
          "root": false,
          "rootEmpty": false,
          "_timeout": 2000
        }
      ],
      "passes": [],
      "failures": [],
      "pending": [],
      "skipped": [],
      "duration": 0,
      "root": true,
      "rootEmpty": true,
      "_timeout": 2000
    },
    {
      "uuid": "56847cf9-b770-46de-b638-30f59b8655ce",
      "title": "",
      "fullFile": "cypress\\integration\\rediff7.spec.js",
      "file": "cypress\\integration\\rediff7.spec.js",
      "beforeHooks": [],
      "afterHooks": [],
      "tests": [],
      "suites": [
        {
          "uuid": "7803717a-b2f4-460f-a1c1-95d4a3767a31",
          "title": "first test",
          "fullFile": "",
          "file": "",
          "beforeHooks": [],
          "afterHooks": [],
          "tests": [
            {
              "title": "should launch rediff",
              "fullTitle": "first test should launch rediff",
              "timedOut": null,
              "duration": 12373,
              "state": "passed",
              "speed": "slow",
              "pass": true,
              "fail": false,
              "pending": false,
              "context": null,
              "code": "cy.visit('https://www.rediff.com');",
              "err": {},
              "uuid": "5ba9d278-6f18-451c-a4c1-aaffd042bccb",
              "parentUUID": "7803717a-b2f4-460f-a1c1-95d4a3767a31",
              "isHook": false,
              "skipped": false
            }
          ],
          "suites": [],
          "passes": [
            "5ba9d278-6f18-451c-a4c1-aaffd042bccb"
          ],
          "failures": [],
          "pending": [],
          "skipped": [],
          "duration": 12373,
          "root": false,
          "rootEmpty": false,
          "_timeout": 2000
        }
      ],
      "passes": [],
      "failures": [],
      "pending": [],
      "skipped": [],
      "duration": 0,
      "root": true,
      "rootEmpty": true,
      "_timeout": 2000
    },
    {
      "uuid": "520768b0-b835-4c87-be96-164364e1ee01",
      "title": "",
      "fullFile": "cypress\\integration\\rediff8.spec.js",
      "file": "cypress\\integration\\rediff8.spec.js",
      "beforeHooks": [],
      "afterHooks": [],
      "tests": [],
      "suites": [
        {
          "uuid": "1c2bb17f-d561-4d23-80fa-8b6c1ace07a5",
          "title": "first test",
          "fullFile": "",
          "file": "",
          "beforeHooks": [],
          "afterHooks": [],
          "tests": [
            {
              "title": "should launch rediff",
              "fullTitle": "first test should launch rediff",
              "timedOut": null,
              "duration": 5156,
              "state": "passed",
              "speed": "slow",
              "pass": true,
              "fail": false,
              "pending": false,
              "context": null,
              "code": "cy.visit('https://www.rediff.com');",
              "err": {},
              "uuid": "fb0b924a-ff4b-4be2-af4f-521a9a260cb4",
              "parentUUID": "1c2bb17f-d561-4d23-80fa-8b6c1ace07a5",
              "isHook": false,
              "skipped": false
            }
          ],
          "suites": [],
          "passes": [
            "fb0b924a-ff4b-4be2-af4f-521a9a260cb4"
          ],
          "failures": [],
          "pending": [],
          "skipped": [],
          "duration": 5156,
          "root": false,
          "rootEmpty": false,
          "_timeout": 2000
        }
      ],
      "passes": [],
      "failures": [],
      "pending": [],
      "skipped": [],
      "duration": 0,
      "root": true,
      "rootEmpty": true,
      "_timeout": 2000
    },
    {
      "uuid": "12b1d198-37e6-489f-8210-97dff7363fde",
      "title": "",
      "fullFile": "cypress\\integration\\rediff9.spec.js",
      "file": "cypress\\integration\\rediff9.spec.js",
      "beforeHooks": [],
      "afterHooks": [],
      "tests": [],
      "suites": [
        {
          "uuid": "4e0c24c9-232c-4c8c-a784-81ab2ec5903b",
          "title": "first test",
          "fullFile": "",
          "file": "",
          "beforeHooks": [],
          "afterHooks": [],
          "tests": [
            {
              "title": "should launch rediff",
              "fullTitle": "first test should launch rediff",
              "timedOut": null,
              "duration": 5427,
              "state": "passed",
              "speed": "slow",
              "pass": true,
              "fail": false,
              "pending": false,
              "context": null,
              "code": "cy.visit('https://www.rediff.com');",
              "err": {},
              "uuid": "73e9324b-3220-4967-8dc5-24d521245652",
              "parentUUID": "4e0c24c9-232c-4c8c-a784-81ab2ec5903b",
              "isHook": false,
              "skipped": false
            }
          ],
          "suites": [],
          "passes": [
            "73e9324b-3220-4967-8dc5-24d521245652"
          ],
          "failures": [],
          "pending": [],
          "skipped": [],
          "duration": 5427,
          "root": false,
          "rootEmpty": false,
          "_timeout": 2000
        }
      ],
      "passes": [],
      "failures": [],
      "pending": [],
      "skipped": [],
      "duration": 0,
      "root": true,
      "rootEmpty": true,
      "_timeout": 2000
    },
    {
      "uuid": "43353741-1b10-4256-b13a-bdd16dafa09b",
      "title": "",
      "fullFile": "cypress\\integration\\rediff1.spec.js",
      "file": "cypress\\integration\\rediff1.spec.js",
      "beforeHooks": [],
      "afterHooks": [],
      "tests": [],
      "suites": [
        {
          "uuid": "27116682-19ca-444d-98a2-aaaf419e9005",
          "title": "first test",
          "fullFile": "",
          "file": "",
          "beforeHooks": [],
          "afterHooks": [],
          "tests": [
            {
              "title": "should launch feelaplace",
              "fullTitle": "first test should launch feelaplace",
              "timedOut": null,
              "duration": 4691,
              "state": "passed",
              "speed": "slow",
              "pass": true,
              "fail": false,
              "pending": false,
              "context": null,
              "code": "cy.visit('https://www.rediff.com');",
              "err": {},
              "uuid": "c0baa844-b2a6-4b90-a887-a905b22bc280",
              "parentUUID": "27116682-19ca-444d-98a2-aaaf419e9005",
              "isHook": false,
              "skipped": false
            }
          ],
          "suites": [],
          "passes": [
            "c0baa844-b2a6-4b90-a887-a905b22bc280"
          ],
          "failures": [],
          "pending": [],
          "skipped": [],
          "duration": 4691,
          "root": false,
          "rootEmpty": false,
          "_timeout": 2000
        }
      ],
      "passes": [],
      "failures": [],
      "pending": [],
      "skipped": [],
      "duration": 0,
      "root": true,
      "rootEmpty": true,
      "_timeout": 2000
    }
  ],
  "meta": {
    "mocha": {
      "version": "5.2.0"
    },
    "mochawesome": {
      "options": {
        "quiet": false,
        "reportFilename": "mochawesome",
        "saveHtml": false,
        "saveJson": true,
        "consoleReporter": "spec",
        "useInlineDiffs": false
      },
      "version": "4.1.0"
    },
    "marge": {
      "options": {
        "overwrite": false,
        "html": false,
        "json": true
      },
      "version": "4.1.0"
    }
  }
}